<?xml version="1.0" encoding="UTF-8"?>
<!-- Generated by org.testng.reporters.JUnitXMLReporter -->
<testsuite ignored="5" hostname="DESKTOP-G5M5I8R" failures="0" tests="2" name="Default test" time="5.968" errors="0" timestamp="2024-06-19T19:02:51 EET">
  <testcase classname="lesson9.myTestCases" name="logIn" time="2.103"/>
  <testcase classname="lesson9.myTestCases" name="addAllItemsAPriceBiggerThan15" time="0.194"/>
  <testcase classname="lesson9.myTestCases" name="addAllItemsExeptForTheNumber3" time="0.0">
    <ignored/>
  </testcase> <!-- addAllItemsExeptForTheNumber3 -->
  <testcase classname="lesson9.myTestCases" name="deletSomeItems" time="0.0">
    <ignored/>
  </testcase> <!-- deletSomeItems -->
  <testcase classname="lesson9.myTestCases" name="addsomeItems" time="0.0">
    <ignored/>
  </testcase> <!-- addsomeItems -->
  <testcase classname="lesson9.myTestCases" name="addAllItems" time="0.0">
    <ignored/>
  </testcase> <!-- addAllItems -->
  <testcase classname="lesson9.myTestCases" name="addAllItemsExeptForTheWordsLabs" time="0.0">
    <ignored/>
  </testcase> <!-- addAllItemsExeptForTheWordsLabs -->
</testsuite> <!-- Default test -->
