<?xml version="1.0" encoding="UTF-8"?>
<testng-results ignored="5" total="7" passed="2" failed="0" skipped="0">
  <reporter-output>
  </reporter-output>
  <suite started-at="2024-06-19T19:02:45 EET" name="Default suite" finished-at="2024-06-19T19:02:51 EET" duration-ms="5968">
    <groups>
    </groups>
    <test started-at="2024-06-19T19:02:45 EET" name="Default test" finished-at="2024-06-19T19:02:51 EET" duration-ms="5968">
      <class name="lesson9.myTestCases">
        <test-method is-config="true" signature="mySetUp()[pri:0, instance:lesson9.myTestCases@21005f6c]" started-at="2024-06-19T19:02:45 EET" name="mySetUp" finished-at="2024-06-19T19:02:49 EET" duration-ms="3591" status="PASS">
          <reporter-output>
          </reporter-output>
        </test-method> <!-- mySetUp -->
        <test-method signature="logIn()[pri:1, instance:lesson9.myTestCases@21005f6c]" started-at="2024-06-19T19:02:49 EET" name="logIn" finished-at="2024-06-19T19:02:51 EET" duration-ms="2103" status="PASS">
          <reporter-output>
          </reporter-output>
        </test-method> <!-- logIn -->
        <test-method signature="addAllItemsAPriceBiggerThan15()[pri:7, instance:lesson9.myTestCases@21005f6c]" started-at="2024-06-19T19:02:51 EET" name="addAllItemsAPriceBiggerThan15" finished-at="2024-06-19T19:02:51 EET" duration-ms="194" status="PASS">
          <reporter-output>
          </reporter-output>
        </test-method> <!-- addAllItemsAPriceBiggerThan15 -->
      </class> <!-- lesson9.myTestCases -->
    </test> <!-- Default test -->
  </suite> <!-- Default suite -->
</testng-results>
